#
# There is insufficient memory for the Java Runtime Environment to continue.
# Native memory allocation (mmap) failed to map 268435456 bytes for Failed to commit area from 0x0000000701a00000 to 0x0000000711a00000 of length 268435456.
# Possible reasons:
#   The system is out of physical RAM or swap space
#   The process is running with CompressedOops enabled, and the Java Heap may be blocking the growth of the native heap
# Possible solutions:
#   Reduce memory load on the system
#   Increase physical memory or swap space
#   Check if swap backing store is full
#   Decrease Java heap size (-Xmx/-Xms)
#   Decrease number of Java threads
#   Decrease Java thread stack sizes (-Xss)
#   Set larger code cache with -XX:ReservedCodeCacheSize=
#   JVM is running with Zero Based Compressed Oops mode in which the Java heap is
#     placed in the first 32GB address space. The Java Heap base address is the
#     maximum limit for the native heap growth. Please use -XX:HeapBaseMinAddress
#     to set the Java Heap base and to place the Java Heap above 32GB virtual address.
# This output file may be truncated or incomplete.
#
#  Out of Memory Error (./open/src/hotspot/os/windows/os_windows.cpp:3315), pid=29728, tid=21220
#
# JRE version:  (14.0.1+7) (build )
# Java VM: Java HotSpot(TM) 64-Bit Server VM (14.0.1+7, mixed mode, sharing, tiered, compressed oops, g1 gc, windows-amd64)
# No core dump will be written. Minidumps are not enabled by default on client versions of Windows
#

---------------  S U M M A R Y ------------

Command Line: -Didea.launcher.port=5186 -Didea.launcher.bin.path=C:\Program Files\JetBrains\IntelliJ IDEA Community Edition 2019.1.3\bin -Dfile.encoding=UTF-8 com.intellij.rt.execution.application.AppMainV2 com.pascodev.linkedlist.LinkedListDemo

Host: Intel(R) Core(TM) i7-6600U CPU @ 2.60GHz, 4 cores, 15G,  Windows 10 , 64 bit Build 18362 (10.0.18362.778)
Time: Mon Jun 15 09:35:51 2020 Haiti Daylight Time elapsed time: 0 seconds (0d 0h 0m 0s)

---------------  T H R E A D  ---------------

Current thread (0x0000029756a33800):  JavaThread "Unknown thread" [_thread_in_vm, id=21220, stack(0x000000eb2c700000,0x000000eb2c800000)]

Stack: [0x000000eb2c700000,0x000000eb2c800000]
Native frames: (J=compiled Java code, j=interpreted, Vv=VM code, C=native code)
V  [jvm.dll+0x5f840a]
V  [jvm.dll+0x741e4a]
V  [jvm.dll+0x7435ff]
V  [jvm.dll+0x743c43]
V  [jvm.dll+0x20d288]
V  [jvm.dll+0x5f57ba]
V  [jvm.dll+0x5ea615]
V  [jvm.dll+0x2c7e9c]
V  [jvm.dll+0x2c7cd2]
V  [jvm.dll+0x2cdbbc]
V  [jvm.dll+0x313ff8]
V  [jvm.dll+0x313720]
V  [jvm.dll+0x2a092a]
V  [jvm.dll+0x2a1a79]
V  [jvm.dll+0x71f718]
V  [jvm.dll+0x321c44]
V  [jvm.dll+0x700b0c]
V  [jvm.dll+0x392dff]
V  [jvm.dll+0x394e71]
C  [jli.dll+0x523b]
C  [ucrtbase.dll+0x20e82]
C  [KERNEL32.DLL+0x17bd4]
C  [ntdll.dll+0x6ce51]


---------------  P R O C E S S  ---------------

Threads class SMR info:
_java_thread_list=0x00007ff9d5f03078, length=0, elements={
}

Java Threads: ( => current thread )

Other Threads:
  0x0000029756a99800 GCTaskThread "GC Thread#0" [stack: 0x000000eb2c800000,0x000000eb2c900000] [id=24156]
  0x0000029756abb800 ConcurrentGCThread "G1 Main Marker" [stack: 0x000000eb2c900000,0x000000eb2ca00000] [id=27112]
  0x0000029756abd000 ConcurrentGCThread "G1 Conc#0" [stack: 0x000000eb2ca00000,0x000000eb2cb00000] [id=27420]

[error occurred during error reporting (printing all threads), id 0xc0000005, EXCEPTION_ACCESS_VIOLATION (0xc0000005) at pc=0x00007ff9d5731257]

VM state:not at safepoint (not fully initialized)

VM Mutex/Monitor currently owned by a thread:  ([mutex/lock_event])
[0x0000029756a2e990] Heap_lock - owner thread: 0x0000029756a33800

Heap address: 0x0000000701a00000, size: 4070 MB, Compressed Oops mode: Zero based, Oop shift amount: 3
Narrow klass base: 0x0000000000000000, Narrow klass shift: 0

GC Heap History (0 events):
No events

Deoptimization events (0 events):
No events

Classes unloaded (0 events):
No events

Classes redefined (0 events):
No events

Internal exceptions (0 events):
No events

Events (2 events):
Event: 0.016 Loaded shared library C:\Program Files\Java\jdk-14.0.1\bin\java.dll
Event: 0.018 Loaded shared library C:\Program Files\Java\jdk-14.0.1\bin\zip.dll


Dynamic libraries:
0x00007ff76a840000 - 0x00007ff76a84f000 	C:\Program Files\Java\jdk-14.0.1\bin\java.exe
0x00007ffa574a0000 - 0x00007ffa57690000 	C:\WINDOWS\SYSTEM32\ntdll.dll
0x00007ffa33570000 - 0x00007ffa33583000 	C:\Program Files\AVAST Software\Avast\aswhook.dll
0x00007ffa568a0000 - 0x00007ffa56952000 	C:\WINDOWS\System32\KERNEL32.DLL
0x00007ffa54430000 - 0x00007ffa546d4000 	C:\WINDOWS\System32\KERNELBASE.dll
0x00007ffa55260000 - 0x00007ffa5535a000 	C:\WINDOWS\System32\ucrtbase.dll
0x00007ffa394e0000 - 0x00007ffa394f8000 	C:\Program Files\Java\jdk-14.0.1\bin\jli.dll
0x00007ffa57280000 - 0x00007ffa57323000 	C:\WINDOWS\System32\ADVAPI32.dll
0x00007ffa55840000 - 0x00007ffa558de000 	C:\WINDOWS\System32\msvcrt.dll
0x00007ffa56110000 - 0x00007ffa561a7000 	C:\WINDOWS\System32\sechost.dll
0x00007ffa55710000 - 0x00007ffa55830000 	C:\WINDOWS\System32\RPCRT4.dll
0x00007ffa56700000 - 0x00007ffa56894000 	C:\WINDOWS\System32\USER32.dll
0x00007ffa55390000 - 0x00007ffa553b1000 	C:\WINDOWS\System32\win32u.dll
0x00007ffa573b0000 - 0x00007ffa573d6000 	C:\WINDOWS\System32\GDI32.dll
0x00007ffa55060000 - 0x00007ffa551f4000 	C:\WINDOWS\System32\gdi32full.dll
0x00007ffa553c0000 - 0x00007ffa5545e000 	C:\WINDOWS\System32\msvcp_win.dll
0x00007ffa39230000 - 0x00007ffa39245000 	C:\Program Files\Java\jdk-14.0.1\bin\VCRUNTIME140.dll
0x00007ffa42aa0000 - 0x00007ffa42d24000 	C:\WINDOWS\WinSxS\amd64_microsoft.windows.common-controls_6595b64144ccf1df_6.0.18362.836_none_e6c4b943130f18ed\COMCTL32.dll
0x00007ffa56960000 - 0x00007ffa56c96000 	C:\WINDOWS\System32\combase.dll
0x00007ffa554b0000 - 0x00007ffa55530000 	C:\WINDOWS\System32\bcryptPrimitives.dll
0x00007ffa485f0000 - 0x00007ffa485fa000 	C:\WINDOWS\SYSTEM32\VERSION.dll
0x00007ffa55fd0000 - 0x00007ffa55ffe000 	C:\WINDOWS\System32\IMM32.DLL
0x00007ffa30590000 - 0x00007ffa3062b000 	C:\Program Files\Java\jdk-14.0.1\bin\msvcp140.dll
0x00007ff9d5480000 - 0x00007ff9d5f9e000 	C:\Program Files\Java\jdk-14.0.1\bin\server\jvm.dll
0x00007ffa57270000 - 0x00007ffa57278000 	C:\WINDOWS\System32\PSAPI.DLL
0x00007ffa40320000 - 0x00007ffa40329000 	C:\WINDOWS\SYSTEM32\WSOCK32.dll
0x00007ffa563e0000 - 0x00007ffa5644f000 	C:\WINDOWS\System32\WS2_32.dll
0x00007ffa52010000 - 0x00007ffa52034000 	C:\WINDOWS\SYSTEM32\WINMM.dll
0x00007ffa51eb0000 - 0x00007ffa51edd000 	C:\WINDOWS\SYSTEM32\WINMMBASE.dll
0x00007ffa55460000 - 0x00007ffa554aa000 	C:\WINDOWS\System32\cfgmgr32.dll
0x00007ffa54370000 - 0x00007ffa54381000 	C:\WINDOWS\System32\kernel.appcore.dll
0x00007ffa47d10000 - 0x00007ffa47d1a000 	C:\Program Files\Java\jdk-14.0.1\bin\jimage.dll
0x00007ffa52c30000 - 0x00007ffa52e24000 	C:\WINDOWS\SYSTEM32\DBGHELP.DLL
0x00007ffa48390000 - 0x00007ffa483ba000 	C:\WINDOWS\SYSTEM32\dbgcore.DLL
0x00007ffa32500000 - 0x00007ffa32525000 	C:\Program Files\Java\jdk-14.0.1\bin\java.dll
0x00007ffa383e0000 - 0x00007ffa383f6000 	C:\Program Files\Java\jdk-14.0.1\bin\zip.dll

dbghelp: loaded successfully - version: 4.0.5 - missing functions: none
symbol engine: initialized successfully - sym options: 0x614 - pdb path: .;C:\Program Files\Java\jdk-14.0.1\bin;C:\WINDOWS\SYSTEM32;C:\Program Files\AVAST Software\Avast;C:\WINDOWS\WinSxS\amd64_microsoft.windows.common-controls_6595b64144ccf1df_6.0.18362.836_none_e6c4b943130f18ed;C:\Program Files\Java\jdk-14.0.1\bin\server

VM Arguments:
jvm_args: -Didea.launcher.port=5186 -Didea.launcher.bin.path=C:\Program Files\JetBrains\IntelliJ IDEA Community Edition 2019.1.3\bin -Dfile.encoding=UTF-8 
java_command: com.intellij.rt.execution.application.AppMainV2 com.pascodev.linkedlist.LinkedListDemo
java_class_path (initial): C:\Users\PASCODEV\IdeaProjects\DataStructures\out\production\DataStructures;C:\Program Files\JetBrains\IntelliJ IDEA Community Edition 2019.1.3\lib\idea_rt.jar
Launcher Type: SUN_STANDARD

[Global flags]
     intx CICompilerCount                          = 3                                         {product} {ergonomic}
     uint ConcGCThreads                            = 1                                         {product} {ergonomic}
     uint G1ConcRefinementThreads                  = 4                                         {product} {ergonomic}
   size_t G1HeapRegionSize                         = 1048576                                   {product} {ergonomic}
    uintx GCDrainStackTargetSize                   = 64                                        {product} {ergonomic}
   size_t InitialHeapSize                          = 268435456                                 {product} {ergonomic}
   size_t MarkStackSize                            = 4194304                                   {product} {ergonomic}
   size_t MaxHeapSize                              = 4267704320                                {product} {ergonomic}
   size_t MinHeapDeltaBytes                        = 1048576                                   {product} {ergonomic}
   size_t MinHeapSize                              = 8388608                                   {product} {ergonomic}
    uintx NonNMethodCodeHeapSize                   = 5832780                                {pd product} {ergonomic}
    uintx NonProfiledCodeHeapSize                  = 122912730                              {pd product} {ergonomic}
    uintx ProfiledCodeHeapSize                     = 122912730                              {pd product} {ergonomic}
    uintx ReservedCodeCacheSize                    = 251658240                              {pd product} {ergonomic}
     bool SegmentedCodeCache                       = true                                      {product} {ergonomic}
   size_t SoftMaxHeapSize                          = 4267704320                             {manageable} {ergonomic}
     bool UseCompressedClassPointers               = true                                 {lp64_product} {ergonomic}
     bool UseCompressedOops                        = true                                 {lp64_product} {ergonomic}
     bool UseG1GC                                  = true                                      {product} {ergonomic}
     bool UseLargePagesIndividualAllocation        = false                                  {pd product} {ergonomic}

Logging:
Log output configuration:
 #0: stdout all=warning uptime,level,tags
 #1: stderr all=off uptime,level,tags

Environment Variables:
JAVA_HOME=C:\Program Files\Java\jdk-14.0.1
PATH=C:\Program Files (x86)\Common Files\Oracle\Java\javapath;C:\WINDOWS\system32;C:\WINDOWS;C:\WINDOWS\System32\Wbem;C:\WINDOWS\System32\WindowsPowerShell\v1.0\;C:\WINDOWS\System32\OpenSSH\;C:\Program Files\Git\cmd;C:\Program Files\nodejs\;C:\Program Files (x86)\PuTTY\;C:\Program Files\dotnet\;C:\Program Files\Microsoft SQL Server\130\Tools\Binn\;C:\Program Files\Microsoft SQL Server\Client SDK\ODBC\170\Tools\Binn\;C:\Program Files (x86)\scala\bin;C:\Program Files\Java\jdk-14.0.1\bin;C:\Program Files\Java\jre1.8.0_251\bin;C:\Program Files (x86)\Brackets\command;C:\Users\PASCODEV\AppData\Local\Programs\Python\Python37-32\Scripts\;C:\Users\PASCODEV\AppData\Local\Programs\Python\Python37-32\;C:\Users\PASCODEV\AppData\Local\Microsoft\WindowsApps;C:\Users\PASCODEV\AppData\Roaming\npm;C:\Users\PASCODEV\AppData\Local\Programs\Microsoft VS Code\bin;C:\Users\PASCODEV\AppData\Local\atom\bin;C:\Program Files\Java\jre1.8.0_251\bin;C:\Program Files\Java\jdk-14.0.1\bin;;C:\Program Files\JetBrains\IntelliJ IDEA Community Edition 2020.1.2\bin;
USERNAME=PASCODEV
OS=Windows_NT
PROCESSOR_IDENTIFIER=Intel64 Family 6 Model 78 Stepping 3, GenuineIntel



---------------  S Y S T E M  ---------------

OS: Windows 10 , 64 bit Build 18362 (10.0.18362.778)
OS uptime: 5 days 20:44 hours
HyperV virtualization detected

CPU:total 4 (initial active 4) (2 cores per cpu, 2 threads per core) family 6 model 78 stepping 3, cmov, cx8, fxsr, mmx, sse, sse2, sse3, ssse3, sse4.1, sse4.2, popcnt, avx, avx2, aes, clmul, erms, rtm, 3dnowpref, lzcnt, ht, tsc, tscinvbit, bmi1, bmi2, adx, fma

Memory: 4k page, system-wide physical 16272M (3205M free)
TotalPageFile size 23736M (AvailPageFile size 188M)
current process WorkingSet (physical memory assigned to process): 10M, peak: 10M
current process commit charge ("private bytes"): 52M, peak: 308M

vm_info: Java HotSpot(TM) 64-Bit Server VM (14.0.1+7) for windows-amd64 JRE (14.0.1+7), built on Mar  5 2020 10:30:14 by "mach5one" with MS VC++ 15.9 (VS2017)

END.
